**********************************************************************
** Visual Studio 2022 Developer Command Prompt v17.9.6
** Copyright (c) 2022 Microsoft Corporation
**********************************************************************
[vcvarsall.bat] Environment initialized for: 'x86_x64'
[0/1] Re-running CMake...
FAILED: build.ninja 
"C:\Program Files\MATLAB\R2023b\bin\win64\cmake\bin\cmake.exe" --regenerate-during-build -SZ:\matlab_msg_gen_ros1\win64\src -BZ:\matlab_msg_gen_ros1\win64\build
CreateProcess failed: The system cannot find the file specified.
ninja: error: rebuilding 'build.ninja': subcommand failed
Base path: F:\OneDrive - CentraleSupelec\Courses\digital_twin_robot\robot_digital_twin\catkin_ws\matlab_msg_gen_ros1\win64
Source space: F:\OneDrive - CentraleSupelec\Courses\digital_twin_robot\robot_digital_twin\catkin_ws\matlab_msg_gen_ros1\win64\src
Build space: F:\OneDrive - CentraleSupelec\Courses\digital_twin_robot\robot_digital_twin\catkin_ws\matlab_msg_gen_ros1\win64\build
Devel space: F:\OneDrive - CentraleSupelec\Courses\digital_twin_robot\robot_digital_twin\catkin_ws\matlab_msg_gen_ros1\win64\devel
Install space: F:\OneDrive - CentraleSupelec\Courses\digital_twin_robot\robot_digital_twin\catkin_ws\matlab_msg_gen_ros1\win64\install
####
#### Running command: "ninja build.ninja" in "F:\OneDrive - CentraleSupelec\Courses\digital_twin_robot\robot_digital_twin\catkin_ws\matlab_msg_gen_ros1\win64\build"
####
Invoking "ninja build.ninja" failed
